<?xml version="1.0" encoding="UTF-8"?>
<!-- Generated by org.testng.reporters.JUnitXMLReporter -->
<testsuite hostname="LNDB0003" ignored="0" name="Default test" tests="6" failures="0" timestamp="26 Jun 2018 11:36:13 GMT" time="12.897" errors="0">
  <testcase name="verifyBasicCourseSelection" time="0.178" classname="com.Maven.tatoc.MavinAutomation.MavenMainTest"/>
  <testcase name="verifyGreenBoxSelected" time="0.239" classname="com.Maven.tatoc.MavinAutomation.MavenMainTest"/>
  <testcase name="verifyBoxColorSame" time="1.433" classname="com.Maven.tatoc.MavinAutomation.MavenMainTest"/>
  <testcase name="verifyDragPerformed" time="0.266" classname="com.Maven.tatoc.MavinAutomation.MavenMainTest"/>
  <testcase name="verifyTextEnteredInPopupWindow" time="1.544" classname="com.Maven.tatoc.MavinAutomation.MavenMainTest"/>
  <testcase name="verifyCookieAdded" time="0.23" classname="com.Maven.tatoc.MavinAutomation.MavenMainTest"/>
</testsuite> <!-- Default test -->
